{"G:\\Web\\нетология\\AJS-13\\Lesson 6\\for-in\\src\\js\\app.js": {"path":"G:\\Web\\нетология\\AJS-13\\Lesson 6\\for-in\\src\\js\\app.js","statementMap":{"0":{"start":{"line":2,"column":17},"end":{"line":2,"column":19}},"1":{"start":{"line":3,"column":2},"end":{"line":16,"column":3}},"2":{"start":{"line":4,"column":4},"end":{"line":9,"column":7}},"3":{"start":{"line":5,"column":6},"end":{"line":7,"column":7}},"4":{"start":{"line":6,"column":8},"end":{"line":6,"column":58}},"5":{"start":{"line":10,"column":4},"end":{"line":14,"column":5}},"6":{"start":{"line":11,"column":6},"end":{"line":13,"column":7}},"7":{"start":{"line":12,"column":8},"end":{"line":12,"column":58}},"8":{"start":{"line":15,"column":4},"end":{"line":15,"column":18}},"9":{"start":{"line":17,"column":2},"end":{"line":21,"column":3}},"10":{"start":{"line":18,"column":4},"end":{"line":20,"column":5}},"11":{"start":{"line":19,"column":6},"end":{"line":19,"column":56}},"12":{"start":{"line":22,"column":2},"end":{"line":22,"column":16}}},"fnMap":{"0":{"name":"orderByProps","decl":{"start":{"line":1,"column":24},"end":{"line":1,"column":36}},"loc":{"start":{"line":1,"column":51},"end":{"line":23,"column":1}},"line":1},"1":{"name":"(anonymous_1)","decl":{"start":{"line":4,"column":18},"end":{"line":4,"column":19}},"loc":{"start":{"line":4,"column":27},"end":{"line":8,"column":5}},"line":4}},"branchMap":{"0":{"loc":{"start":{"line":3,"column":2},"end":{"line":16,"column":3}},"type":"if","locations":[{"start":{"line":3,"column":2},"end":{"line":16,"column":3}},{"start":{"line":3,"column":2},"end":{"line":16,"column":3}}],"line":3},"1":{"loc":{"start":{"line":5,"column":6},"end":{"line":7,"column":7}},"type":"if","locations":[{"start":{"line":5,"column":6},"end":{"line":7,"column":7}},{"start":{"line":5,"column":6},"end":{"line":7,"column":7}}],"line":5},"2":{"loc":{"start":{"line":11,"column":6},"end":{"line":13,"column":7}},"type":"if","locations":[{"start":{"line":11,"column":6},"end":{"line":13,"column":7}},{"start":{"line":11,"column":6},"end":{"line":13,"column":7}}],"line":11},"3":{"loc":{"start":{"line":11,"column":10},"end":{"line":11,"column":112}},"type":"binary-expr","locations":[{"start":{"line":11,"column":10},"end":{"line":11,"column":49}},{"start":{"line":11,"column":53},"end":{"line":11,"column":112}}],"line":11},"4":{"loc":{"start":{"line":18,"column":4},"end":{"line":20,"column":5}},"type":"if","locations":[{"start":{"line":18,"column":4},"end":{"line":20,"column":5}},{"start":{"line":18,"column":4},"end":{"line":20,"column":5}}],"line":18}},"s":{"0":5,"1":5,"2":3,"3":6,"4":5,"5":3,"6":15,"7":10,"8":3,"9":2,"10":5,"11":5,"12":2},"f":{"0":5,"1":6},"b":{"0":[3,2],"1":[5,1],"2":[10,5],"3":[15,15],"4":[5,0]},"_coverageSchema":"1a1c01bbd47fc00a2c39e90264f33305004495a9","hash":"c8dc09a9f2ffed3729f8803d58fd9dab2fe850a3"}
}
